2023.02.24 11:36:34 INFO  tracing is disabled for protocol LSP, to enable tracing of incoming and outgoing JSON messages create an empty file at /Users/rubensantos/Codacy/Repos/rubensantos/Coverage-Repo/.metals/lsp.trace.json or /Users/rubensantos/Library/Caches/org.scalameta.metals/lsp.trace.json[0m
2023.02.24 11:36:34 INFO  logging to file /Users/rubensantos/Codacy/Repos/rubensantos/Coverage-Repo/.metals/metals.log[0m
2023.02.24 11:36:34 INFO  Started: Metals version 0.11.10 in workspace '/Users/rubensantos/Codacy/Repos/rubensantos/Coverage-Repo' for client Visual Studio Code 1.75.1.[0m
SLF4J: No SLF4J providers were found.
SLF4J: Defaulting to no-operation (NOP) logger implementation
SLF4J: See https://www.slf4j.org/codes.html#noProviders for further details.
SLF4J: Class path contains SLF4J bindings targeting slf4j-api versions 1.7.x or earlier.
SLF4J: Ignoring binding found at [jar:file:/Users/rubensantos/Library/Caches/Coursier/v1/https/repo1.maven.org/maven2/com/outr/scribe-slf4j_2.13/3.10.5/scribe-slf4j_2.13-3.10.5.jar!/org/slf4j/impl/StaticLoggerBinder.class]
SLF4J: See https://www.slf4j.org/codes.html#ignoredBindings for an explanation.
2023.02.24 11:36:35 INFO  time: initialize in 1.09s[0m
2023.02.24 11:36:36 WARN  Build server is not auto-connectable.[0m
2023.02.24 11:36:36 WARN  no build target for: /Users/rubensantos/Codacy/Repos/rubensantos/Coverage-Repo/src/main/java/com/codacy/utils/Math.java[0m
2023.02.24 11:36:36 WARN  no build target for: /Users/rubensantos/Codacy/Repos/rubensantos/Coverage-Repo/src/main/java/com/codacy/utils/Math2.java[0m
Feb 24, 2023 11:36:36 AM org.eclipse.lsp4j.jsonrpc.RemoteEndpoint handleCancellation
WARNING: Unmatched cancel notification for request id 5
2023.02.24 11:36:38 WARN  no build target for: /Users/rubensantos/Codacy/Repos/rubensantos/Coverage-Repo/src/main/java/com/codacy/utils/Math.java[0m
2023.02.24 11:37:25 WARN  no build target for: /Users/rubensantos/Codacy/Repos/rubensantos/Coverage-Repo/src/test/java/com/codacy/utils/MathTest.java[0m
2023.02.24 11:37:26 WARN  no build target for: /Users/rubensantos/Codacy/Repos/rubensantos/Coverage-Repo/src/test/java/com/codacy/utils/Math2Test.java[0m
2023.02.24 11:37:33 WARN  no build target for: /Users/rubensantos/Codacy/Repos/rubensantos/Coverage-Repo/src/test/java/com/codacy/utils/MathTest.java[0m
2023.02.24 11:37:40 WARN  no build target for: /Users/rubensantos/Codacy/Repos/rubensantos/Coverage-Repo/src/test/java/com/codacy/utils/Math2Test.java[0m
2023.02.24 11:37:40 WARN  no build target for: /Users/rubensantos/Codacy/Repos/rubensantos/Coverage-Repo/src/test/java/com/codacy/utils/Math2Test.java[0m
2023.03.03 16:54:45 INFO  tracing is disabled for protocol LSP, to enable tracing of incoming and outgoing JSON messages create an empty file at /Users/rubensantos/Codacy/Repos/rubensantos/Coverage-Repo/.metals/lsp.trace.json or /Users/rubensantos/Library/Caches/org.scalameta.metals/lsp.trace.json[0m
2023.03.03 16:54:46 INFO  logging to file /Users/rubensantos/Codacy/Repos/rubensantos/Coverage-Repo/.metals/metals.log[0m
2023.03.03 16:54:46 INFO  Started: Metals version 0.11.10 in workspace '/Users/rubensantos/Codacy/Repos/rubensantos/Coverage-Repo' for client Visual Studio Code 1.75.1.[0m
SLF4J: No SLF4J providers were found.
SLF4J: Defaulting to no-operation (NOP) logger implementation
SLF4J: See https://www.slf4j.org/codes.html#noProviders for further details.
SLF4J: Class path contains SLF4J bindings targeting slf4j-api versions 1.7.x or earlier.
SLF4J: Ignoring binding found at [jar:file:/Users/rubensantos/Library/Caches/Coursier/v1/https/repo1.maven.org/maven2/com/outr/scribe-slf4j_2.13/3.10.5/scribe-slf4j_2.13-3.10.5.jar!/org/slf4j/impl/StaticLoggerBinder.class]
SLF4J: See https://www.slf4j.org/codes.html#ignoredBindings for an explanation.
2023.03.03 16:54:47 INFO  time: initialize in 0.97s[0m
2023.03.03 16:54:47 WARN  Build server is not auto-connectable.[0m
2023.03.03 16:54:47 WARN  no build target for: /Users/rubensantos/Codacy/Repos/rubensantos/Coverage-Repo/src/test/java/com/codacy/utils/Math2Test.java[0m
Mar 03, 2023 4:54:47 PM org.eclipse.lsp4j.jsonrpc.RemoteEndpoint handleCancellation
WARNING: Unmatched cancel notification for request id 3
2023.03.03 16:54:47 WARN  no build target for: /Users/rubensantos/Codacy/Repos/rubensantos/Coverage-Repo/src/test/java/com/codacy/utils/Math2Test.java[0m
2023.03.03 16:54:51 WARN  no build target for: /Users/rubensantos/Codacy/Repos/rubensantos/Coverage-Repo/src/test/java/com/codacy/utils/Math2Test.java[0m
2023.03.03 16:54:54 WARN  no build target for: /Users/rubensantos/Codacy/Repos/rubensantos/Coverage-Repo/src/test/java/com/codacy/utils/Math2Test.java[0m
2023.03.03 16:54:55 WARN  no build target for: /Users/rubensantos/Codacy/Repos/rubensantos/Coverage-Repo/src/main/java/com/codacy/utils/Math.java[0m
2023.03.03 16:55:00 WARN  no build target for: /Users/rubensantos/Codacy/Repos/rubensantos/Coverage-Repo/src/main/java/com/codacy/utils/Math2.java[0m
2023.03.03 16:55:23 WARN  no build target for: /Users/rubensantos/Codacy/Repos/rubensantos/Coverage-Repo/src/main/java/com/codacy/utils/Math.java[0m
2023.03.03 16:55:30 WARN  no build target for: /Users/rubensantos/Codacy/Repos/rubensantos/Coverage-Repo/src/main/java/com/codacy/utils/Math.java[0m
2023.03.03 16:55:30 WARN  Running javac-semanticdb failed for file:///Users/rubensantos/Codacy/Repos/rubensantos/Coverage-Repo/src/main/java/com/codacy/utils/Math.java. Output:
/Users/rubensantos/Codacy/Repos/rubensantos/Coverage-Repo/src/main/java/com/codacy/utils/Math.java:30: error: reached end of file while parsing
}
 ^
1 error[0m
2023.03.03 16:55:31 WARN  no build target for: /Users/rubensantos/Codacy/Repos/rubensantos/Coverage-Repo/src/main/java/com/codacy/utils/Math.java[0m
2023.03.03 16:55:31 WARN  Running javac-semanticdb failed for file:///Users/rubensantos/Codacy/Repos/rubensantos/Coverage-Repo/src/main/java/com/codacy/utils/Math.java. Output:
/Users/rubensantos/Codacy/Repos/rubensantos/Coverage-Repo/src/main/java/com/codacy/utils/Math.java:31: error: reached end of file while parsing
}
 ^
1 error[0m
2023.03.03 16:55:34 WARN  no build target for: /Users/rubensantos/Codacy/Repos/rubensantos/Coverage-Repo/src/main/java/com/codacy/utils/Math.java[0m
2023.03.03 16:55:35 WARN  Running javac-semanticdb failed for file:///Users/rubensantos/Codacy/Repos/rubensantos/Coverage-Repo/src/main/java/com/codacy/utils/Math.java. Output:
/Users/rubensantos/Codacy/Repos/rubensantos/Coverage-Repo/src/main/java/com/codacy/utils/Math.java:32: error: reached end of file while parsing
}
 ^
1 error[0m
2023.03.03 16:55:36 WARN  no build target for: /Users/rubensantos/Codacy/Repos/rubensantos/Coverage-Repo/src/main/java/com/codacy/utils/Math.java[0m
2023.03.03 16:55:39 WARN  no build target for: /Users/rubensantos/Codacy/Repos/rubensantos/Coverage-Repo/src/main/java/com/codacy/utils/Math.java[0m
2023.03.03 16:55:47 WARN  no build target for: /Users/rubensantos/Codacy/Repos/rubensantos/Coverage-Repo/src/main/java/com/codacy/utils/Math.java[0m
2023.03.03 16:55:47 WARN  Running javac-semanticdb failed for file:///Users/rubensantos/Codacy/Repos/rubensantos/Coverage-Repo/src/main/java/com/codacy/utils/Math.java. Output:
/Users/rubensantos/Codacy/Repos/rubensantos/Coverage-Repo/src/main/java/com/codacy/utils/Math.java:32: error: illegal start of expression
    }
    ^
/Users/rubensantos/Codacy/Repos/rubensantos/Coverage-Repo/src/main/java/com/codacy/utils/Math.java:34: error: reached end of file while parsing
}
 ^
2 errors[0m
2023.03.03 16:55:48 WARN  no build target for: /Users/rubensantos/Codacy/Repos/rubensantos/Coverage-Repo/src/main/java/com/codacy/utils/Math.java[0m
2023.03.03 16:55:53 WARN  no build target for: /Users/rubensantos/Codacy/Repos/rubensantos/Coverage-Repo/src/main/java/com/codacy/utils/Math.java[0m
2023.03.03 16:55:55 WARN  no build target for: /Users/rubensantos/Codacy/Repos/rubensantos/Coverage-Repo/src/main/java/com/codacy/utils/Math.java[0m
2023.03.03 16:55:57 WARN  no build target for: /Users/rubensantos/Codacy/Repos/rubensantos/Coverage-Repo/src/main/java/com/codacy/utils/Math.java[0m
2023.03.03 16:56:02 WARN  no build target for: /Users/rubensantos/Codacy/Repos/rubensantos/Coverage-Repo/src/main/java/com/codacy/utils/Math.java[0m
2023.03.03 16:56:02 WARN  Running javac-semanticdb failed for file:///Users/rubensantos/Codacy/Repos/rubensantos/Coverage-Repo/src/main/java/com/codacy/utils/Math.java. Output:
/Users/rubensantos/Codacy/Repos/rubensantos/Coverage-Repo/src/main/java/com/codacy/utils/Math.java:15: error: not a statement
        what
        ^
/Users/rubensantos/Codacy/Repos/rubensantos/Coverage-Repo/src/main/java/com/codacy/utils/Math.java:15: error: ';' expected
        what
            ^
2 errors[0m
2023.03.03 16:56:04 WARN  no build target for: /Users/rubensantos/Codacy/Repos/rubensantos/Coverage-Repo/src/main/java/com/codacy/utils/Math.java[0m
2023.03.03 16:56:04 WARN  Running javac-semanticdb failed for file:///Users/rubensantos/Codacy/Repos/rubensantos/Coverage-Repo/src/main/java/com/codacy/utils/Math.java. Output:
/Users/rubensantos/Codacy/Repos/rubensantos/Coverage-Repo/src/main/java/com/codacy/utils/Math.java:15: error: ';' expected
        what(1, 2)
                  ^
1 error[0m
2023.03.03 16:56:06 WARN  no build target for: /Users/rubensantos/Codacy/Repos/rubensantos/Coverage-Repo/src/main/java/com/codacy/utils/Math.java[0m
2023.03.03 16:56:07 WARN  no build target for: /Users/rubensantos/Codacy/Repos/rubensantos/Coverage-Repo/src/main/java/com/codacy/utils/Math.java[0m
2023.03.03 16:57:24 WARN  no build target for: /Users/rubensantos/Codacy/Repos/rubensantos/Coverage-Repo/src/main/java/com/codacy/utils/Math.java[0m
2023.03.03 16:57:26 WARN  no build target for: /Users/rubensantos/Codacy/Repos/rubensantos/Coverage-Repo/src/main/java/com/codacy/utils/Math.java[0m
2023.03.03 16:57:35 WARN  no build target for: /Users/rubensantos/Codacy/Repos/rubensantos/Coverage-Repo/src/test/java/com/codacy/utils/MathTest.java[0m
2023.03.03 16:58:23 WARN  no build target for: /Users/rubensantos/Codacy/Repos/rubensantos/Coverage-Repo/src/main/java/com/codacy/utils/Math.java[0m
2023.03.03 16:58:23 WARN  no build target for: /Users/rubensantos/Codacy/Repos/rubensantos/Coverage-Repo/src/main/java/com/codacy/utils/Math.java[0m
2023.03.03 16:58:23 WARN  no build target for: /Users/rubensantos/Codacy/Repos/rubensantos/Coverage-Repo/src/main/java/com/codacy/utils/Math.java[0m
2023.03.09 15:17:36 INFO  Started: Metals version 0.11.11 in workspace '/Users/rubensantos/Codacy/Repos/rubensantos/Coverage-Repo' for client Visual Studio Code 1.75.1.[0m
SLF4J: No SLF4J providers were found.
SLF4J: Defaulting to no-operation (NOP) logger implementation
SLF4J: See https://www.slf4j.org/codes.html#noProviders for further details.
SLF4J: Class path contains SLF4J bindings targeting slf4j-api versions 1.7.x or earlier.
SLF4J: Ignoring binding found at [jar:file:/Users/rubensantos/Library/Caches/Coursier/v1/https/repo1.maven.org/maven2/com/outr/scribe-slf4j_2.13/3.11.0/scribe-slf4j_2.13-3.11.0.jar!/org/slf4j/impl/StaticLoggerBinder.class]
SLF4J: See https://www.slf4j.org/codes.html#ignoredBindings for an explanation.
2023.03.09 15:17:39 INFO  time: initialize in 3.65s[0m
2023.03.09 15:17:40 WARN  Build server is not auto-connectable.[0m
2023.03.09 15:17:40 WARN  no build target for: /Users/rubensantos/Codacy/Repos/rubensantos/Coverage-Repo/src/main/java/com/codacy/utils/Math.java[0m
2023.03.09 15:19:10 WARN  no build target for: /Users/rubensantos/Codacy/Repos/rubensantos/Coverage-Repo/src/main/java/com/codacy/utils/Math.java[0m
2023.03.09 15:19:12 WARN  no build target for: /Users/rubensantos/Codacy/Repos/rubensantos/Coverage-Repo/src/main/java/com/codacy/utils/Math.java[0m
2023.03.09 15:19:15 WARN  no build target for: /Users/rubensantos/Codacy/Repos/rubensantos/Coverage-Repo/src/test/java/com/codacy/utils/MathTest.java[0m
2023.03.09 15:19:28 WARN  no build target for: /Users/rubensantos/Codacy/Repos/rubensantos/Coverage-Repo/src/test/java/com/codacy/utils/MathTest.java[0m
2023.03.09 15:19:31 WARN  no build target for: /Users/rubensantos/Codacy/Repos/rubensantos/Coverage-Repo/src/test/java/com/codacy/utils/MathTest.java[0m
2023.03.09 15:19:35 WARN  no build target for: /Users/rubensantos/Codacy/Repos/rubensantos/Coverage-Repo/src/main/java/com/codacy/utils/Math.java[0m
2023.03.09 15:19:35 WARN  no build target for: /Users/rubensantos/Codacy/Repos/rubensantos/Coverage-Repo/src/main/java/com/codacy/utils/Math.java[0m
2023.03.09 15:20:30 WARN  no build target for: /Users/rubensantos/Codacy/Repos/rubensantos/Coverage-Repo/GenerateLines.scala.scala[0m
2023.03.09 15:20:38 INFO  no build target found for /Users/rubensantos/Codacy/Repos/rubensantos/Coverage-Repo/GenerateLines.scala.scala. Using presentation compiler with project's scala-library version: 3.2.2[0m
Mar 09, 2023 3:20:39 PM org.eclipse.lsp4j.jsonrpc.RemoteEndpoint handleCancellation
WARNING: Unmatched cancel notification for request id 89
Mar 09, 2023 3:20:39 PM org.eclipse.lsp4j.jsonrpc.RemoteEndpoint handleCancellation
WARNING: Unmatched cancel notification for request id 90
Mar 09, 2023 3:20:39 PM org.eclipse.lsp4j.jsonrpc.RemoteEndpoint handleCancellation
WARNING: Unmatched cancel notification for request id 96
Mar 09, 2023 3:20:39 PM org.eclipse.lsp4j.jsonrpc.RemoteEndpoint handleCancellation
WARNING: Unmatched cancel notification for request id 100
2023.03.09 15:20:39 WARN  no build target for: /Users/rubensantos/Codacy/Repos/rubensantos/Coverage-Repo/GenerateLines.scala.scala[0m
2023.03.09 15:20:40 INFO  time: code lens generation in 9.47s[0m
2023.03.09 15:20:40 INFO  time: code lens generation in 1.37s[0m
2023.03.09 15:20:40 INFO  time: code lens generation in 1.09s[0m
2023.03.09 15:20:40 INFO  time: code lens generation in 1.4s[0m
2023.03.09 15:20:40 INFO  time: code lens generation in 1.4s[0m
2023.03.09 15:20:40 INFO  time: code lens generation in 1.37s[0m
2023.03.09 15:20:41 WARN  no build target for: /Users/rubensantos/Codacy/Repos/rubensantos/Coverage-Repo/GenerateLines.scala.scala[0m
2023.03.09 15:20:43 WARN  no build target for: /Users/rubensantos/Codacy/Repos/rubensantos/Coverage-Repo/GenerateLines.scala.scala[0m
2023.03.09 15:20:46 WARN  no build target for: /Users/rubensantos/Codacy/Repos/rubensantos/Coverage-Repo/GenerateLines.scala.scala[0m
2023.03.09 15:20:59 WARN  no build target for: /Users/rubensantos/Codacy/Repos/rubensantos/Coverage-Repo/GenerateLines.scala[0m
2023.03.09 15:21:03 WARN  no build target for: /Users/rubensantos/Codacy/Repos/rubensantos/Coverage-Repo/GenerateLines.scala[0m
2023.03.09 15:22:44 WARN  no build target for: /Users/rubensantos/Codacy/Repos/rubensantos/Coverage-Repo/GenerateLines.scala[0m
2023.03.09 15:22:46 WARN  no build target for: /Users/rubensantos/Codacy/Repos/rubensantos/Coverage-Repo/GenerateLines.scala[0m
2023.03.09 15:23:11 WARN  no build target for: /Users/rubensantos/Codacy/Repos/rubensantos/Coverage-Repo/GenerateLines.scala[0m
2023.03.09 15:23:18 WARN  no build target for: /Users/rubensantos/Codacy/Repos/rubensantos/Coverage-Repo/GenerateLines.scala[0m
2023.03.09 15:23:20 WARN  no build target for: /Users/rubensantos/Codacy/Repos/rubensantos/Coverage-Repo/GenerateLines.scala[0m
Mar 09, 2023 3:23:23 PM org.eclipse.lsp4j.jsonrpc.RemoteEndpoint fallbackResponseError
SEVERE: Internal error: java.lang.StringIndexOutOfBoundsException: String index out of range: 47
java.util.concurrent.CompletionException: java.lang.StringIndexOutOfBoundsException: String index out of range: 47
	at java.util.concurrent.CompletableFuture.encodeThrowable(CompletableFuture.java:292)
	at java.util.concurrent.CompletableFuture.completeThrowable(CompletableFuture.java:308)
	at java.util.concurrent.CompletableFuture.uniAccept(CompletableFuture.java:661)
	at java.util.concurrent.CompletableFuture$UniAccept.tryFire(CompletableFuture.java:646)
	at java.util.concurrent.CompletableFuture.postComplete(CompletableFuture.java:488)
	at java.util.concurrent.CompletableFuture.completeExceptionally(CompletableFuture.java:1990)
	at scala.meta.internal.metals.CancelTokens$.$anonfun$future$1(CancelTokens.scala:40)
	at scala.meta.internal.metals.CancelTokens$.$anonfun$future$1$adapted(CancelTokens.scala:38)
	at scala.concurrent.impl.Promise$Transformation.run(Promise.scala:484)
	at java.util.concurrent.ThreadPoolExecutor.runWorker(ThreadPoolExecutor.java:1149)
	at java.util.concurrent.ThreadPoolExecutor$Worker.run(ThreadPoolExecutor.java:624)
	at java.lang.Thread.run(Thread.java:748)
Caused by: java.lang.StringIndexOutOfBoundsException: String index out of range: 47
	at java.lang.String.substring(String.java:1963)
	at scala.meta.internal.metals.codeactions.FlatMapToForComprehensionCodeAction.getIndentForPos(FlatMapToForComprehensionCodeAction.scala:677)
	at scala.meta.internal.metals.codeactions.FlatMapToForComprehensionCodeAction.$anonfun$contribute$4(FlatMapToForComprehensionCodeAction.scala:57)
	at scala.Option.map(Option.scala:242)
	at scala.meta.internal.metals.codeactions.FlatMapToForComprehensionCodeAction.$anonfun$contribute$3(FlatMapToForComprehensionCodeAction.scala:53)
	at scala.Option.flatMap(Option.scala:283)
	at scala.meta.internal.metals.codeactions.FlatMapToForComprehensionCodeAction.$anonfun$contribute$2(FlatMapToForComprehensionCodeAction.scala:52)
	at scala.Option.flatMap(Option.scala:283)
	at scala.meta.internal.metals.codeactions.FlatMapToForComprehensionCodeAction.$anonfun$contribute$1(FlatMapToForComprehensionCodeAction.scala:51)
	at scala.concurrent.Future$.$anonfun$apply$1(Future.scala:678)
	at scala.concurrent.impl.Promise$Transformation.run(Promise.scala:467)
	... 3 more

2023.03.09 15:23:26 WARN  no build target for: /Users/rubensantos/Codacy/Repos/rubensantos/Coverage-Repo/GenerateLines.scala[0m
2023.03.09 15:23:30 WARN  no build target for: /Users/rubensantos/Codacy/Repos/rubensantos/Coverage-Repo/GenerateLines.scala[0m
Mar 09, 2023 3:23:30 PM org.eclipse.lsp4j.jsonrpc.RemoteEndpoint fallbackResponseError
SEVERE: Internal error: java.lang.StringIndexOutOfBoundsException: String index out of range: 47
java.util.concurrent.CompletionException: java.lang.StringIndexOutOfBoundsException: String index out of range: 47
	at java.util.concurrent.CompletableFuture.encodeThrowable(CompletableFuture.java:292)
	at java.util.concurrent.CompletableFuture.completeThrowable(CompletableFuture.java:308)
	at java.util.concurrent.CompletableFuture.uniAccept(CompletableFuture.java:661)
	at java.util.concurrent.CompletableFuture$UniAccept.tryFire(CompletableFuture.java:646)
	at java.util.concurrent.CompletableFuture.postComplete(CompletableFuture.java:488)
	at java.util.concurrent.CompletableFuture.completeExceptionally(CompletableFuture.java:1990)
	at scala.meta.internal.metals.CancelTokens$.$anonfun$future$1(CancelTokens.scala:40)
	at scala.meta.internal.metals.CancelTokens$.$anonfun$future$1$adapted(CancelTokens.scala:38)
	at scala.concurrent.impl.Promise$Transformation.run(Promise.scala:484)
	at java.util.concurrent.ThreadPoolExecutor.runWorker(ThreadPoolExecutor.java:1149)
	at java.util.concurrent.ThreadPoolExecutor$Worker.run(ThreadPoolExecutor.java:624)
	at java.lang.Thread.run(Thread.java:748)
Caused by: java.lang.StringIndexOutOfBoundsException: String index out of range: 47
	at java.lang.String.substring(String.java:1963)
	at scala.meta.internal.metals.codeactions.FlatMapToForComprehensionCodeAction.getIndentForPos(FlatMapToForComprehensionCodeAction.scala:677)
	at scala.meta.internal.metals.codeactions.FlatMapToForComprehensionCodeAction.$anonfun$contribute$4(FlatMapToForComprehensionCodeAction.scala:57)
	at scala.Option.map(Option.scala:242)
	at scala.meta.internal.metals.codeactions.FlatMapToForComprehensionCodeAction.$anonfun$contribute$3(FlatMapToForComprehensionCodeAction.scala:53)
	at scala.Option.flatMap(Option.scala:283)
	at scala.meta.internal.metals.codeactions.FlatMapToForComprehensionCodeAction.$anonfun$contribute$2(FlatMapToForComprehensionCodeAction.scala:52)
	at scala.Option.flatMap(Option.scala:283)
	at scala.meta.internal.metals.codeactions.FlatMapToForComprehensionCodeAction.$anonfun$contribute$1(FlatMapToForComprehensionCodeAction.scala:51)
	at scala.concurrent.Future$.$anonfun$apply$1(Future.scala:678)
	at scala.concurrent.impl.Promise$Transformation.run(Promise.scala:467)
	... 3 more

2023.03.09 15:23:31 WARN  no build target for: /Users/rubensantos/Codacy/Repos/rubensantos/Coverage-Repo/GenerateLines.scala[0m
2023.03.09 15:23:52 WARN  no build target for: /Users/rubensantos/Codacy/Repos/rubensantos/Coverage-Repo/GenerateLines.scala[0m
Mar 09, 2023 3:23:53 PM org.eclipse.lsp4j.jsonrpc.RemoteEndpoint handleCancellation
WARNING: Unmatched cancel notification for request id 368
2023.03.09 15:23:56 WARN  no build target for: /Users/rubensantos/Codacy/Repos/rubensantos/Coverage-Repo/GenerateLines.scala[0m
2023.03.09 15:23:59 WARN  no build target for: /Users/rubensantos/Codacy/Repos/rubensantos/Coverage-Repo/GenerateLines.scala[0m
2023.03.09 15:24:02 WARN  no build target for: /Users/rubensantos/Codacy/Repos/rubensantos/Coverage-Repo/GenerateLines.scala[0m
2023.03.09 15:24:07 WARN  no build target for: /Users/rubensantos/Codacy/Repos/rubensantos/Coverage-Repo/GenerateLines.scala[0m
2023.03.09 15:24:27 WARN  no build target for: /Users/rubensantos/Codacy/Repos/rubensantos/Coverage-Repo/GenerateLines.scala[0m
2023.03.09 15:24:35 WARN  no build target for: /Users/rubensantos/Codacy/Repos/rubensantos/Coverage-Repo/GenerateLines.scala[0m
2023.03.09 15:24:38 WARN  no build target for: /Users/rubensantos/Codacy/Repos/rubensantos/Coverage-Repo/GenerateLines.scala[0m
2023.03.09 15:24:42 WARN  no build target for: /Users/rubensantos/Codacy/Repos/rubensantos/Coverage-Repo/GenerateLines.scala[0m
2023.03.09 15:24:45 WARN  no build target for: /Users/rubensantos/Codacy/Repos/rubensantos/Coverage-Repo/GenerateLines.scala[0m
2023.03.09 15:24:47 WARN  no build target for: /Users/rubensantos/Codacy/Repos/rubensantos/Coverage-Repo/GenerateLines.scala[0m
2023.03.09 15:24:52 WARN  no build target for: /Users/rubensantos/Codacy/Repos/rubensantos/Coverage-Repo/GenerateLines.scala[0m
2023.03.09 15:25:01 WARN  no build target for: /Users/rubensantos/Codacy/Repos/rubensantos/Coverage-Repo/GenerateLines.scala[0m
2023.03.09 15:25:03 WARN  no build target for: /Users/rubensantos/Codacy/Repos/rubensantos/Coverage-Repo/GenerateLines.scala[0m
2023.03.09 15:25:06 WARN  no build target for: /Users/rubensantos/Codacy/Repos/rubensantos/Coverage-Repo/GenerateLines.scala[0m
2023.03.09 15:25:08 WARN  no build target for: /Users/rubensantos/Codacy/Repos/rubensantos/Coverage-Repo/GenerateLines.scala[0m
2023.03.09 15:25:09 WARN  Using indexes to guess the definition of addLine[0m
2023.03.09 15:25:12 WARN  no build target for: /Users/rubensantos/Codacy/Repos/rubensantos/Coverage-Repo/GenerateLines.scala[0m
2023.03.09 15:25:15 WARN  no build target for: /Users/rubensantos/Codacy/Repos/rubensantos/Coverage-Repo/GenerateLines.scala[0m
2023.03.09 15:25:18 WARN  no build target for: /Users/rubensantos/Codacy/Repos/rubensantos/Coverage-Repo/GenerateLines.scala[0m
2023.03.09 15:25:20 WARN  no build target for: /Users/rubensantos/Codacy/Repos/rubensantos/Coverage-Repo/GenerateLines.scala[0m
2023.03.09 15:25:21 WARN  no build target for: /Users/rubensantos/Codacy/Repos/rubensantos/Coverage-Repo/GenerateLines.scala[0m
2023.03.09 15:25:24 WARN  no build target for: /Users/rubensantos/Codacy/Repos/rubensantos/Coverage-Repo/GenerateLines.scala[0m
2023.03.09 15:25:27 WARN  no build target for: /Users/rubensantos/Codacy/Repos/rubensantos/Coverage-Repo/GenerateLines.scala[0m
2023.03.09 15:25:28 WARN  no build target for: /Users/rubensantos/Codacy/Repos/rubensantos/Coverage-Repo/GenerateLines.scala[0m
2023.03.09 15:25:39 WARN  no build target for: /Users/rubensantos/Codacy/Repos/rubensantos/Coverage-Repo/GenerateLines.scala[0m
2023.03.09 15:25:41 WARN  no build target for: /Users/rubensantos/Codacy/Repos/rubensantos/Coverage-Repo/GenerateLines.scala[0m
2023.03.09 15:25:57 WARN  no build target for: /Users/rubensantos/Codacy/Repos/rubensantos/Coverage-Repo/GenerateLines.scala[0m
2023.03.09 15:26:07 WARN  no build target for: /Users/rubensantos/Codacy/Repos/rubensantos/Coverage-Repo/GenerateLines.scala[0m
2023.03.09 15:26:21 WARN  no build target for: /Users/rubensantos/Codacy/Repos/rubensantos/Coverage-Repo/GenerateLines.scala[0m
Mar 09, 2023 3:26:25 PM org.eclipse.lsp4j.jsonrpc.RemoteEndpoint handleCancellation
WARNING: Unmatched cancel notification for request id 827
2023.03.09 15:26:26 WARN  no build target for: /Users/rubensantos/Codacy/Repos/rubensantos/Coverage-Repo/GenerateLines.scala[0m
2023.03.09 15:26:54 WARN  no build target for: /Users/rubensantos/Codacy/Repos/rubensantos/Coverage-Repo/GenerateLines.scala[0m
2023.03.09 15:26:57 WARN  no build target for: /Users/rubensantos/Codacy/Repos/rubensantos/Coverage-Repo/GenerateLines.scala[0m
2023.03.09 15:26:59 WARN  no build target for: /Users/rubensantos/Codacy/Repos/rubensantos/Coverage-Repo/GenerateLines.scala[0m
2023.03.09 15:28:07 WARN  no build target for: /Users/rubensantos/Codacy/Repos/rubensantos/Coverage-Repo/GenerateLines.scala[0m
2023.03.09 15:28:09 WARN  no build target for: /Users/rubensantos/Codacy/Repos/rubensantos/Coverage-Repo/GenerateLines.scala[0m
2023.03.09 15:28:12 WARN  no build target for: /Users/rubensantos/Codacy/Repos/rubensantos/Coverage-Repo/GenerateLines.scala[0m
2023.03.09 15:28:13 WARN  no build target for: /Users/rubensantos/Codacy/Repos/rubensantos/Coverage-Repo/GenerateLines.scala[0m
2023.03.09 15:28:16 WARN  no build target for: /Users/rubensantos/Codacy/Repos/rubensantos/Coverage-Repo/GenerateLines.scala[0m
2023.03.09 15:28:19 WARN  no build target for: /Users/rubensantos/Codacy/Repos/rubensantos/Coverage-Repo/GenerateLines.scala[0m
2023.03.09 15:28:32 WARN  no build target for: /Users/rubensantos/Codacy/Repos/rubensantos/Coverage-Repo/GenerateLines.scala[0m
2023.03.09 15:28:37 WARN  no build target for: /Users/rubensantos/Codacy/Repos/rubensantos/Coverage-Repo/GenerateLines.scala[0m
2023.03.09 15:28:40 WARN  no build target for: /Users/rubensantos/Codacy/Repos/rubensantos/Coverage-Repo/GenerateLines.scala[0m
2023.03.09 15:28:55 WARN  no build target for: /Users/rubensantos/Codacy/Repos/rubensantos/Coverage-Repo/GenerateLines.scala[0m
2023.03.09 15:28:59 WARN  no build target for: /Users/rubensantos/Codacy/Repos/rubensantos/Coverage-Repo/GenerateLines.scala[0m
2023.03.09 15:29:09 WARN  no build target for: /Users/rubensantos/Codacy/Repos/rubensantos/Coverage-Repo/GenerateLines.scala[0m
2023.03.09 15:29:11 WARN  no build target for: /Users/rubensantos/Codacy/Repos/rubensantos/Coverage-Repo/GenerateLines.scala[0m
2023.03.09 15:29:13 WARN  no build target for: /Users/rubensantos/Codacy/Repos/rubensantos/Coverage-Repo/GenerateLines.scala[0m
2023.03.09 15:29:16 WARN  no build target for: /Users/rubensantos/Codacy/Repos/rubensantos/Coverage-Repo/GenerateLines.scala[0m
2023.03.09 15:29:30 WARN  no build target for: /Users/rubensantos/Codacy/Repos/rubensantos/Coverage-Repo/GenerateLines.scala[0m
2023.03.09 15:29:31 WARN  no build target for: /Users/rubensantos/Codacy/Repos/rubensantos/Coverage-Repo/GenerateLines.scala[0m
2023.03.09 15:29:57 WARN  no build target for: /Users/rubensantos/Codacy/Repos/rubensantos/Coverage-Repo/GenerateLines.scala[0m
2023.03.09 15:30:31 WARN  no build target for: /Users/rubensantos/Codacy/Repos/rubensantos/Coverage-Repo/GenerateLines.scala[0m
2023.03.09 15:30:46 WARN  no build target for: /Users/rubensantos/Codacy/Repos/rubensantos/Coverage-Repo/GenerateLines.scala[0m
2023.03.09 15:31:18 WARN  no build target for: /Users/rubensantos/Codacy/Repos/rubensantos/Coverage-Repo/GenerateLines.scala[0m
2023.03.09 15:31:23 WARN  no build target for: /Users/rubensantos/Codacy/Repos/rubensantos/Coverage-Repo/GenerateLines.scala[0m
2023.03.09 15:31:28 WARN  no build target for: /Users/rubensantos/Codacy/Repos/rubensantos/Coverage-Repo/GenerateLines.scala[0m
2023.03.09 15:31:31 WARN  no build target for: /Users/rubensantos/Codacy/Repos/rubensantos/Coverage-Repo/GenerateLines.scala[0m
2023.03.09 15:31:42 WARN  no build target for: /Users/rubensantos/Codacy/Repos/rubensantos/Coverage-Repo/GenerateLines.scala[0m
2023.03.09 15:31:44 WARN  no build target for: /Users/rubensantos/Codacy/Repos/rubensantos/Coverage-Repo/GenerateLines.scala[0m
2023.03.09 15:31:54 WARN  no build target for: /Users/rubensantos/Codacy/Repos/rubensantos/Coverage-Repo/GenerateLines.scala[0m
2023.03.09 15:31:57 WARN  no build target for: /Users/rubensantos/Codacy/Repos/rubensantos/Coverage-Repo/GenerateLines.scala[0m
2023.03.09 15:32:00 WARN  no build target for: /Users/rubensantos/Codacy/Repos/rubensantos/Coverage-Repo/GenerateLines.scala[0m
2023.03.09 15:32:02 WARN  no build target for: /Users/rubensantos/Codacy/Repos/rubensantos/Coverage-Repo/GenerateLines.scala[0m
2023.03.09 15:32:07 WARN  no build target for: /Users/rubensantos/Codacy/Repos/rubensantos/Coverage-Repo/GenerateLines.scala[0m
2023.03.09 15:32:08 WARN  no build target for: /Users/rubensantos/Codacy/Repos/rubensantos/Coverage-Repo/GenerateLines.scala[0m
2023.03.09 15:32:11 WARN  no build target for: /Users/rubensantos/Codacy/Repos/rubensantos/Coverage-Repo/GenerateLines.scala[0m
2023.03.09 15:32:46 WARN  no build target for: /Users/rubensantos/Codacy/Repos/rubensantos/Coverage-Repo/GenerateLines.scala[0m
2023.03.09 15:33:22 WARN  no build target for: /Users/rubensantos/Codacy/Repos/rubensantos/Coverage-Repo/GenerateLines.scala[0m
2023.03.09 15:33:27 WARN  no build target for: /Users/rubensantos/Codacy/Repos/rubensantos/Coverage-Repo/GenerateLines.scala[0m
2023.03.09 15:34:35 WARN  no build target for: /Users/rubensantos/Codacy/Repos/rubensantos/Coverage-Repo/GenerateLines.scala[0m
2023.03.09 15:34:37 WARN  no build target for: /Users/rubensantos/Codacy/Repos/rubensantos/Coverage-Repo/GenerateLines.scala[0m
2023.03.09 15:35:25 WARN  no build target for: /Users/rubensantos/Codacy/Repos/rubensantos/Coverage-Repo/GenerateLines.scala[0m
2023.03.09 15:35:31 WARN  no build target for: /Users/rubensantos/Codacy/Repos/rubensantos/Coverage-Repo/GenerateLines.scala[0m
2023.03.09 15:35:33 WARN  no build target for: /Users/rubensantos/Codacy/Repos/rubensantos/Coverage-Repo/GenerateLines.scala[0m
2023.03.09 15:35:35 WARN  no build target for: /Users/rubensantos/Codacy/Repos/rubensantos/Coverage-Repo/GenerateLines.scala[0m
Mar 09, 2023 3:35:47 PM org.eclipse.lsp4j.jsonrpc.RemoteEndpoint fallbackResponseError
SEVERE: Internal error: java.lang.reflect.InvocationTargetException
java.lang.RuntimeException: java.lang.reflect.InvocationTargetException
	at org.eclipse.lsp4j.jsonrpc.services.GenericEndpoint.lambda$null$0(GenericEndpoint.java:67)
	at org.eclipse.lsp4j.jsonrpc.services.GenericEndpoint.request(GenericEndpoint.java:120)
	at org.eclipse.lsp4j.jsonrpc.RemoteEndpoint.handleRequest(RemoteEndpoint.java:261)
	at org.eclipse.lsp4j.jsonrpc.RemoteEndpoint.consume(RemoteEndpoint.java:190)
	at org.eclipse.lsp4j.jsonrpc.json.StreamMessageProducer.handleMessage(StreamMessageProducer.java:194)
	at org.eclipse.lsp4j.jsonrpc.json.StreamMessageProducer.listen(StreamMessageProducer.java:94)
	at org.eclipse.lsp4j.jsonrpc.json.ConcurrentMessageProcessor.run(ConcurrentMessageProcessor.java:113)
	at java.util.concurrent.Executors$RunnableAdapter.call(Executors.java:511)
	at java.util.concurrent.FutureTask.run(FutureTask.java:266)
	at java.util.concurrent.ThreadPoolExecutor.runWorker(ThreadPoolExecutor.java:1149)
	at java.util.concurrent.ThreadPoolExecutor$Worker.run(ThreadPoolExecutor.java:624)
	at java.lang.Thread.run(Thread.java:748)
Caused by: java.lang.reflect.InvocationTargetException
	at sun.reflect.GeneratedMethodAccessor12.invoke(Unknown Source)
	at sun.reflect.DelegatingMethodAccessorImpl.invoke(DelegatingMethodAccessorImpl.java:43)
	at java.lang.reflect.Method.invoke(Method.java:498)
	at org.eclipse.lsp4j.jsonrpc.services.GenericEndpoint.lambda$null$0(GenericEndpoint.java:65)
	... 11 more
Caused by: file:///Users/rubensantos/Codacy/Repos/rubensantos/Coverage-Repo/GenerateLines.scala:1: error: unclosed quoted identifier
import $ivy`// https://mvnrepository.com/artifact/nio/nio
           ^
	at scala.meta.internal.tokenizers.Reporter.syntaxError(Reporter.scala:23)
	at scala.meta.internal.tokenizers.Reporter.syntaxError$(Reporter.scala:23)
	at scala.meta.internal.tokenizers.Reporter$$anon$1.syntaxError(Reporter.scala:33)
	at scala.meta.internal.tokenizers.Reporter.syntaxError(Reporter.scala:25)
	at scala.meta.internal.tokenizers.Reporter.syntaxError$(Reporter.scala:25)
	at scala.meta.internal.tokenizers.Reporter$$anon$1.syntaxError(Reporter.scala:33)
	at scala.meta.internal.tokenizers.LegacyScanner.getBackquotedIdent(LegacyScanner.scala:521)
	at scala.meta.internal.tokenizers.LegacyScanner.fetchToken(LegacyScanner.scala:369)
	at scala.meta.internal.tokenizers.LegacyScanner.nextToken(LegacyScanner.scala:245)
	at scala.meta.internal.mtags.ScalaToplevelMtags.acceptToStatSep(ScalaToplevelMtags.scala:566)
	at scala.meta.internal.mtags.ScalaToplevelMtags.loop(ScalaToplevelMtags.scala:230)
	at scala.meta.internal.mtags.ScalaToplevelMtags.indexRoot(ScalaToplevelMtags.scala:53)
	at scala.meta.internal.mtags.MtagsIndexer.index(MtagsIndexer.scala:19)
	at scala.meta.internal.mtags.MtagsIndexer.index$(MtagsIndexer.scala:18)
	at scala.meta.internal.mtags.ScalaToplevelMtags.index(ScalaToplevelMtags.scala:41)
	at scala.meta.internal.mtags.Mtags$.allToplevels(Mtags.scala:104)
	at scala.meta.internal.metals.DefinitionProvider.fromMtags(DefinitionProvider.scala:371)
	at scala.meta.internal.metals.DefinitionProvider.$anonfun$positionOccurrence$3(DefinitionProvider.scala:291)
	at scala.Option.orElse(Option.scala:477)
	at scala.meta.internal.metals.DefinitionProvider.$anonfun$positionOccurrence$1(DefinitionProvider.scala:291)
	at scala.Option.flatMap(Option.scala:283)
	at scala.meta.internal.metals.DefinitionProvider.positionOccurrence(DefinitionProvider.scala:286)
	at scala.meta.internal.metals.MetalsLspService.$anonfun$definitionOrReferences$1(MetalsLspService.scala:2654)
	at scala.Option.map(Option.scala:242)
	at scala.meta.internal.metals.MetalsLspService.definitionOrReferences(MetalsLspService.scala:2650)
	at scala.meta.internal.metals.MetalsLspService.$anonfun$definition$1(MetalsLspService.scala:1507)
	at scala.meta.internal.metals.CancelTokens$.future(CancelTokens.scala:38)
	at scala.meta.internal.metals.MetalsLspService.definition(MetalsLspService.scala:1506)
	at scala.meta.metals.lsp.DelegatingScalaService.definition(DelegatingScalaService.scala:69)
	... 15 more

Mar 09, 2023 3:35:48 PM org.eclipse.lsp4j.jsonrpc.RemoteEndpoint fallbackResponseError
SEVERE: Internal error: java.lang.reflect.InvocationTargetException
java.lang.RuntimeException: java.lang.reflect.InvocationTargetException
	at org.eclipse.lsp4j.jsonrpc.services.GenericEndpoint.lambda$null$0(GenericEndpoint.java:67)
	at org.eclipse.lsp4j.jsonrpc.services.GenericEndpoint.request(GenericEndpoint.java:120)
	at org.eclipse.lsp4j.jsonrpc.RemoteEndpoint.handleRequest(RemoteEndpoint.java:261)
	at org.eclipse.lsp4j.jsonrpc.RemoteEndpoint.consume(RemoteEndpoint.java:190)
	at org.eclipse.lsp4j.jsonrpc.json.StreamMessageProducer.handleMessage(StreamMessageProducer.java:194)
	at org.eclipse.lsp4j.jsonrpc.json.StreamMessageProducer.listen(StreamMessageProducer.java:94)
	at org.eclipse.lsp4j.jsonrpc.json.ConcurrentMessageProcessor.run(ConcurrentMessageProcessor.java:113)
	at java.util.concurrent.Executors$RunnableAdapter.call(Executors.java:511)
	at java.util.concurrent.FutureTask.run(FutureTask.java:266)
	at java.util.concurrent.ThreadPoolExecutor.runWorker(ThreadPoolExecutor.java:1149)
	at java.util.concurrent.ThreadPoolExecutor$Worker.run(ThreadPoolExecutor.java:624)
	at java.lang.Thread.run(Thread.java:748)
Caused by: java.lang.reflect.InvocationTargetException
	at sun.reflect.GeneratedMethodAccessor12.invoke(Unknown Source)
	at sun.reflect.DelegatingMethodAccessorImpl.invoke(DelegatingMethodAccessorImpl.java:43)
	at java.lang.reflect.Method.invoke(Method.java:498)
	at org.eclipse.lsp4j.jsonrpc.services.GenericEndpoint.lambda$null$0(GenericEndpoint.java:65)
	... 11 more
Caused by: file:///Users/rubensantos/Codacy/Repos/rubensantos/Coverage-Repo/GenerateLines.scala:1: error: unclosed quoted identifier
import $ivy`// https://mvnrepository.com/artifact/nio/nio
           ^
	at scala.meta.internal.tokenizers.Reporter.syntaxError(Reporter.scala:23)
	at scala.meta.internal.tokenizers.Reporter.syntaxError$(Reporter.scala:23)
	at scala.meta.internal.tokenizers.Reporter$$anon$1.syntaxError(Reporter.scala:33)
	at scala.meta.internal.tokenizers.Reporter.syntaxError(Reporter.scala:25)
	at scala.meta.internal.tokenizers.Reporter.syntaxError$(Reporter.scala:25)
	at scala.meta.internal.tokenizers.Reporter$$anon$1.syntaxError(Reporter.scala:33)
	at scala.meta.internal.tokenizers.LegacyScanner.getBackquotedIdent(LegacyScanner.scala:521)
	at scala.meta.internal.tokenizers.LegacyScanner.fetchToken(LegacyScanner.scala:369)
	at scala.meta.internal.tokenizers.LegacyScanner.nextToken(LegacyScanner.scala:245)
	at scala.meta.internal.mtags.ScalaToplevelMtags.acceptToStatSep(ScalaToplevelMtags.scala:566)
	at scala.meta.internal.mtags.ScalaToplevelMtags.loop(ScalaToplevelMtags.scala:230)
	at scala.meta.internal.mtags.ScalaToplevelMtags.indexRoot(ScalaToplevelMtags.scala:53)
	at scala.meta.internal.mtags.MtagsIndexer.index(MtagsIndexer.scala:19)
	at scala.meta.internal.mtags.MtagsIndexer.index$(MtagsIndexer.scala:18)
	at scala.meta.internal.mtags.ScalaToplevelMtags.index(ScalaToplevelMtags.scala:41)
	at scala.meta.internal.mtags.Mtags$.allToplevels(Mtags.scala:104)
	at scala.meta.internal.metals.DefinitionProvider.fromMtags(DefinitionProvider.scala:371)
	at scala.meta.internal.metals.DefinitionProvider.$anonfun$positionOccurrence$3(DefinitionProvider.scala:291)
	at scala.Option.orElse(Option.scala:477)
	at scala.meta.internal.metals.DefinitionProvider.$anonfun$positionOccurrence$1(DefinitionProvider.scala:291)
	at scala.Option.flatMap(Option.scala:283)
	at scala.meta.internal.metals.DefinitionProvider.positionOccurrence(DefinitionProvider.scala:286)
	at scala.meta.internal.metals.MetalsLspService.$anonfun$definitionOrReferences$1(MetalsLspService.scala:2654)
	at scala.Option.map(Option.scala:242)
	at scala.meta.internal.metals.MetalsLspService.definitionOrReferences(MetalsLspService.scala:2650)
	at scala.meta.internal.metals.MetalsLspService.$anonfun$definition$1(MetalsLspService.scala:1507)
	at scala.meta.internal.metals.CancelTokens$.future(CancelTokens.scala:38)
	at scala.meta.internal.metals.MetalsLspService.definition(MetalsLspService.scala:1506)
	at scala.meta.metals.lsp.DelegatingScalaService.definition(DelegatingScalaService.scala:69)
	... 15 more

Mar 09, 2023 3:35:50 PM org.eclipse.lsp4j.jsonrpc.RemoteEndpoint fallbackResponseError
SEVERE: Internal error: java.lang.reflect.InvocationTargetException
java.lang.RuntimeException: java.lang.reflect.InvocationTargetException
	at org.eclipse.lsp4j.jsonrpc.services.GenericEndpoint.lambda$null$0(GenericEndpoint.java:67)
	at org.eclipse.lsp4j.jsonrpc.services.GenericEndpoint.request(GenericEndpoint.java:120)
	at org.eclipse.lsp4j.jsonrpc.RemoteEndpoint.handleRequest(RemoteEndpoint.java:261)
	at org.eclipse.lsp4j.jsonrpc.RemoteEndpoint.consume(RemoteEndpoint.java:190)
	at org.eclipse.lsp4j.jsonrpc.json.StreamMessageProducer.handleMessage(StreamMessageProducer.java:194)
	at org.eclipse.lsp4j.jsonrpc.json.StreamMessageProducer.listen(StreamMessageProducer.java:94)
	at org.eclipse.lsp4j.jsonrpc.json.ConcurrentMessageProcessor.run(ConcurrentMessageProcessor.java:113)
	at java.util.concurrent.Executors$RunnableAdapter.call(Executors.java:511)
	at java.util.concurrent.FutureTask.run(FutureTask.java:266)
	at java.util.concurrent.ThreadPoolExecutor.runWorker(ThreadPoolExecutor.java:1149)
	at java.util.concurrent.ThreadPoolExecutor$Worker.run(ThreadPoolExecutor.java:624)
	at java.lang.Thread.run(Thread.java:748)
Caused by: java.lang.reflect.InvocationTargetException
	at sun.reflect.GeneratedMethodAccessor12.invoke(Unknown Source)
	at sun.reflect.DelegatingMethodAccessorImpl.invoke(DelegatingMethodAccessorImpl.java:43)
	at java.lang.reflect.Method.invoke(Method.java:498)
	at org.eclipse.lsp4j.jsonrpc.services.GenericEndpoint.lambda$null$0(GenericEndpoint.java:65)
	... 11 more
Caused by: file:///Users/rubensantos/Codacy/Repos/rubensantos/Coverage-Repo/GenerateLines.scala:1: error: unclosed quoted identifier
import $ivy`// https://mvnrepository.com/artifact/nio/nio
           ^
	at scala.meta.internal.tokenizers.Reporter.syntaxError(Reporter.scala:23)
	at scala.meta.internal.tokenizers.Reporter.syntaxError$(Reporter.scala:23)
	at scala.meta.internal.tokenizers.Reporter$$anon$1.syntaxError(Reporter.scala:33)
	at scala.meta.internal.tokenizers.Reporter.syntaxError(Reporter.scala:25)
	at scala.meta.internal.tokenizers.Reporter.syntaxError$(Reporter.scala:25)
	at scala.meta.internal.tokenizers.Reporter$$anon$1.syntaxError(Reporter.scala:33)
	at scala.meta.internal.tokenizers.LegacyScanner.getBackquotedIdent(LegacyScanner.scala:521)
	at scala.meta.internal.tokenizers.LegacyScanner.fetchToken(LegacyScanner.scala:369)
	at scala.meta.internal.tokenizers.LegacyScanner.nextToken(LegacyScanner.scala:245)
	at scala.meta.internal.mtags.ScalaToplevelMtags.acceptToStatSep(ScalaToplevelMtags.scala:566)
	at scala.meta.internal.mtags.ScalaToplevelMtags.loop(ScalaToplevelMtags.scala:230)
	at scala.meta.internal.mtags.ScalaToplevelMtags.indexRoot(ScalaToplevelMtags.scala:53)
	at scala.meta.internal.mtags.MtagsIndexer.index(MtagsIndexer.scala:19)
	at scala.meta.internal.mtags.MtagsIndexer.index$(MtagsIndexer.scala:18)
	at scala.meta.internal.mtags.ScalaToplevelMtags.index(ScalaToplevelMtags.scala:41)
	at scala.meta.internal.mtags.Mtags$.allToplevels(Mtags.scala:104)
	at scala.meta.internal.metals.DefinitionProvider.fromMtags(DefinitionProvider.scala:371)
	at scala.meta.internal.metals.DefinitionProvider.$anonfun$positionOccurrence$3(DefinitionProvider.scala:291)
	at scala.Option.orElse(Option.scala:477)
	at scala.meta.internal.metals.DefinitionProvider.$anonfun$positionOccurrence$1(DefinitionProvider.scala:291)
	at scala.Option.flatMap(Option.scala:283)
	at scala.meta.internal.metals.DefinitionProvider.positionOccurrence(DefinitionProvider.scala:286)
	at scala.meta.internal.metals.MetalsLspService.$anonfun$definitionOrReferences$1(MetalsLspService.scala:2654)
	at scala.Option.map(Option.scala:242)
	at scala.meta.internal.metals.MetalsLspService.definitionOrReferences(MetalsLspService.scala:2650)
	at scala.meta.internal.metals.MetalsLspService.$anonfun$definition$1(MetalsLspService.scala:1507)
	at scala.meta.internal.metals.CancelTokens$.future(CancelTokens.scala:38)
	at scala.meta.internal.metals.MetalsLspService.definition(MetalsLspService.scala:1506)
	at scala.meta.metals.lsp.DelegatingScalaService.definition(DelegatingScalaService.scala:69)
	... 15 more

2023.03.09 15:35:51 WARN  no build target for: /Users/rubensantos/Codacy/Repos/rubensantos/Coverage-Repo/GenerateLines.scala[0m
2023.03.09 15:35:54 WARN  no build target for: /Users/rubensantos/Codacy/Repos/rubensantos/Coverage-Repo/GenerateLines.scala[0m
2023.03.09 15:36:01 WARN  no build target for: /Users/rubensantos/Codacy/Repos/rubensantos/Coverage-Repo/GenerateLines.scala[0m
2023.03.09 15:36:32 WARN  no build target for: /Users/rubensantos/Codacy/Repos/rubensantos/Coverage-Repo/GenerateLines.scala[0m
2023.03.09 15:36:35 WARN  no build target for: /Users/rubensantos/Codacy/Repos/rubensantos/Coverage-Repo/GenerateLines.scala[0m
2023.03.09 15:37:04 WARN  no build target for: /Users/rubensantos/Codacy/Repos/rubensantos/Coverage-Repo/GenerateLines.scala[0m
2023.03.09 15:38:02 WARN  no build target for: /Users/rubensantos/Codacy/Repos/rubensantos/Coverage-Repo/GenerateLines.scala[0m
2023.03.09 15:38:05 WARN  no build target for: /Users/rubensantos/Codacy/Repos/rubensantos/Coverage-Repo/GenerateLines.scala[0m
2023.03.09 15:38:06 WARN  no build target for: /Users/rubensantos/Codacy/Repos/rubensantos/Coverage-Repo/GenerateLines.scala[0m
2023.03.09 15:38:08 WARN  no build target for: /Users/rubensantos/Codacy/Repos/rubensantos/Coverage-Repo/GenerateLines.scala[0m
2023.03.09 15:38:11 WARN  no build target for: /Users/rubensantos/Codacy/Repos/rubensantos/Coverage-Repo/GenerateLines.scala[0m
2023.03.09 15:38:13 WARN  no build target for: /Users/rubensantos/Codacy/Repos/rubensantos/Coverage-Repo/GenerateLines.scala[0m
2023.03.09 15:38:28 WARN  no build target for: /Users/rubensantos/Codacy/Repos/rubensantos/Coverage-Repo/GenerateLines.scala[0m
2023.03.09 15:38:30 WARN  no build target for: /Users/rubensantos/Codacy/Repos/rubensantos/Coverage-Repo/GenerateLines.scala[0m
2023.03.09 15:39:03 WARN  no build target for: /Users/rubensantos/Codacy/Repos/rubensantos/Coverage-Repo/GenerateLines.scala[0m
2023.03.09 15:39:07 WARN  no build target for: /Users/rubensantos/Codacy/Repos/rubensantos/Coverage-Repo/GenerateLines.scala[0m
2023.03.09 15:39:34 WARN  no build target for: /Users/rubensantos/Codacy/Repos/rubensantos/Coverage-Repo/GenerateLines.scala[0m
2023.03.09 15:39:39 WARN  no build target for: /Users/rubensantos/Codacy/Repos/rubensantos/Coverage-Repo/GenerateLines.scala[0m
2023.03.09 15:39:52 WARN  no build target for: /Users/rubensantos/Codacy/Repos/rubensantos/Coverage-Repo/GenerateLines.scala[0m
2023.03.09 15:39:53 WARN  no build target for: /Users/rubensantos/Codacy/Repos/rubensantos/Coverage-Repo/GenerateLines.scala[0m
2023.03.09 15:40:18 WARN  no build target for: /Users/rubensantos/Codacy/Repos/rubensantos/Coverage-Repo/GenerateLines.scala[0m
2023.03.09 15:40:20 WARN  no build target for: /Users/rubensantos/Codacy/Repos/rubensantos/Coverage-Repo/GenerateLines.scala[0m
2023.03.09 15:41:01 WARN  no build target for: /Users/rubensantos/Codacy/Repos/rubensantos/Coverage-Repo/GenerateLines.scala[0m
2023.03.09 15:42:50 WARN  no build target for: /Users/rubensantos/Codacy/Repos/rubensantos/Coverage-Repo/GenerateLines.scala[0m
2023.03.09 15:43:10 WARN  no build target for: /Users/rubensantos/Codacy/Repos/rubensantos/Coverage-Repo/GenerateLines.scala[0m
2023.03.09 15:43:16 WARN  no build target for: /Users/rubensantos/Codacy/Repos/rubensantos/Coverage-Repo/GenerateLines.scala[0m
2023.03.09 15:43:42 WARN  no build target for: /Users/rubensantos/Codacy/Repos/rubensantos/Coverage-Repo/GenerateLines.scala[0m
2023.03.09 15:43:47 WARN  no build target for: /Users/rubensantos/Codacy/Repos/rubensantos/Coverage-Repo/GenerateLines.scala[0m
2023.03.09 15:43:49 WARN  no build target for: /Users/rubensantos/Codacy/Repos/rubensantos/Coverage-Repo/GenerateLines.scala[0m
2023.03.09 15:44:02 WARN  no build target for: /Users/rubensantos/Codacy/Repos/rubensantos/Coverage-Repo/GenerateLines.scala[0m
2023.03.09 15:44:03 WARN  no build target for: /Users/rubensantos/Codacy/Repos/rubensantos/Coverage-Repo/GenerateLines.scala[0m
2023.03.09 15:44:05 WARN  no build target for: /Users/rubensantos/Codacy/Repos/rubensantos/Coverage-Repo/GenerateLines.scala[0m
2023.03.09 15:44:06 WARN  no build target for: /Users/rubensantos/Codacy/Repos/rubensantos/Coverage-Repo/GenerateLines.scala[0m
2023.03.09 15:44:08 WARN  no build target for: /Users/rubensantos/Codacy/Repos/rubensantos/Coverage-Repo/GenerateLines.scala[0m
2023.03.09 15:44:09 WARN  no build target for: /Users/rubensantos/Codacy/Repos/rubensantos/Coverage-Repo/GenerateLines.scala[0m
2023.03.09 15:44:10 WARN  no build target for: /Users/rubensantos/Codacy/Repos/rubensantos/Coverage-Repo/GenerateLines.scala[0m
2023.03.09 15:44:12 WARN  no build target for: /Users/rubensantos/Codacy/Repos/rubensantos/Coverage-Repo/GenerateLines.scala[0m
2023.03.09 15:44:21 WARN  no build target for: /Users/rubensantos/Codacy/Repos/rubensantos/Coverage-Repo/GenerateLines.scala[0m
2023.03.09 15:44:22 WARN  no build target for: /Users/rubensantos/Codacy/Repos/rubensantos/Coverage-Repo/GenerateLines.scala[0m
2023.03.09 15:44:23 WARN  no build target for: /Users/rubensantos/Codacy/Repos/rubensantos/Coverage-Repo/GenerateLines.scala[0m
2023.03.09 15:44:25 WARN  no build target for: /Users/rubensantos/Codacy/Repos/rubensantos/Coverage-Repo/GenerateLines.scala[0m
2023.03.09 15:44:52 WARN  no build target for: /Users/rubensantos/Codacy/Repos/rubensantos/Coverage-Repo/GenerateLines.scala[0m
2023.03.09 15:45:02 WARN  no build target for: /Users/rubensantos/Codacy/Repos/rubensantos/Coverage-Repo/GenerateLines.scala[0m
2023.03.09 15:45:21 WARN  no build target for: /Users/rubensantos/Codacy/Repos/rubensantos/Coverage-Repo/GenerateLines.scala[0m
2023.03.09 15:45:25 WARN  no build target for: /Users/rubensantos/Codacy/Repos/rubensantos/Coverage-Repo/GenerateLines.scala[0m
2023.03.09 15:45:53 WARN  no build target for: /Users/rubensantos/Codacy/Repos/rubensantos/Coverage-Repo/GenerateLines.scala[0m
2023.03.09 15:45:56 WARN  no build target for: /Users/rubensantos/Codacy/Repos/rubensantos/Coverage-Repo/GenerateLines.scala[0m
2023.03.09 15:46:14 WARN  no build target for: /Users/rubensantos/Codacy/Repos/rubensantos/Coverage-Repo/Math.java[0m
2023.03.09 15:46:14 WARN  no build target for: /Users/rubensantos/Codacy/Repos/rubensantos/Coverage-Repo/GenerateLines.scala[0m
2023.03.09 15:46:20 WARN  no build target for: /Users/rubensantos/Codacy/Repos/rubensantos/Coverage-Repo/src/main/java/com/codacy/utils/Math.java[0m
2023.03.09 15:46:29 WARN  Using indexes to guess the definition of file[0m
2023.03.09 15:46:29 WARN  no build target for: /Users/rubensantos/Codacy/Repos/rubensantos/Coverage-Repo/GenerateLines.scala[0m
2023.03.09 15:46:29 WARN  Using indexes to guess the definition of file[0m
2023.03.09 15:46:30 WARN  no build target for: /Users/rubensantos/Codacy/Repos/rubensantos/Coverage-Repo/GenerateLines.scala[0m
2023.03.09 15:46:33 WARN  no build target for: /Users/rubensantos/Codacy/Repos/rubensantos/Coverage-Repo/GenerateLines.scala[0m
2023.03.09 15:46:52 WARN  no build target for: /Users/rubensantos/Codacy/Repos/rubensantos/Coverage-Repo/GenerateLines.scala[0m
2023.03.09 15:46:55 WARN  no build target for: /Users/rubensantos/Codacy/Repos/rubensantos/Coverage-Repo/GenerateLines.scala[0m
2023.03.09 15:46:58 WARN  no build target for: /Users/rubensantos/Codacy/Repos/rubensantos/Coverage-Repo/GenerateLines.scala[0m
2023.03.09 15:47:00 WARN  no build target for: /Users/rubensantos/Codacy/Repos/rubensantos/Coverage-Repo/GenerateLines.scala[0m
2023.03.09 15:47:02 WARN  no build target for: /Users/rubensantos/Codacy/Repos/rubensantos/Coverage-Repo/GenerateLines.scala[0m
2023.03.09 15:47:04 WARN  no build target for: /Users/rubensantos/Codacy/Repos/rubensantos/Coverage-Repo/GenerateLines.scala[0m
2023.03.09 15:47:05 WARN  no build target for: /Users/rubensantos/Codacy/Repos/rubensantos/Coverage-Repo/GenerateLines.scala[0m
2023.03.09 15:47:29 WARN  no build target for: /Users/rubensantos/Codacy/Repos/rubensantos/Coverage-Repo/GenerateLines.scala[0m
2023.03.09 15:47:32 WARN  no build target for: /Users/rubensantos/Codacy/Repos/rubensantos/Coverage-Repo/GenerateLines.scala[0m
2023.03.09 15:47:32 WARN  no build target for: /Users/rubensantos/Codacy/Repos/rubensantos/Coverage-Repo/Math.java[0m
2023.03.09 15:47:41 WARN  no build target for: /Users/rubensantos/Codacy/Repos/rubensantos/Coverage-Repo/GenerateLines.scala[0m
2023.03.09 15:47:43 WARN  no build target for: /Users/rubensantos/Codacy/Repos/rubensantos/Coverage-Repo/GenerateLines.scala[0m
2023.03.09 15:47:57 WARN  no build target for: /Users/rubensantos/Codacy/Repos/rubensantos/Coverage-Repo/Math.java[0m
2023.03.09 15:47:57 WARN  no build target for: /Users/rubensantos/Codacy/Repos/rubensantos/Coverage-Repo/GenerateLines.scala[0m
2023.03.09 15:48:04 WARN  no build target for: /Users/rubensantos/Codacy/Repos/rubensantos/Coverage-Repo/src/main/java/com/codacy/utils/Math.java[0m
2023.03.09 15:48:05 WARN  no build target for: /Users/rubensantos/Codacy/Repos/rubensantos/Coverage-Repo/src/main/java/com/codacy/utils/Math.java[0m
2023.03.09 15:48:05 WARN  no build target for: /Users/rubensantos/Codacy/Repos/rubensantos/Coverage-Repo/src/main/java/com/codacy/utils/Math.java[0m
2023.03.09 15:48:27 WARN  no build target for: /Users/rubensantos/Codacy/Repos/rubensantos/Coverage-Repo/Math.java[0m
2023.03.09 15:48:31 WARN  no build target for: /Users/rubensantos/Codacy/Repos/rubensantos/Coverage-Repo/src/main/java/com/codacy/utils/Math.java[0m
2023.03.09 15:48:31 WARN  no build target for: /Users/rubensantos/Codacy/Repos/rubensantos/Coverage-Repo/src/main/java/com/codacy/utils/Math.java[0m
2023.03.09 15:48:31 WARN  no build target for: /Users/rubensantos/Codacy/Repos/rubensantos/Coverage-Repo/src/main/java/com/codacy/utils/Math.java[0m
